2026-01-26 15:16:18,102 [0x1f0852c40] WARN  ui.MetricsTilePanel - MetricsTilePanel: Invalid sorting mode: invalid_mode
2026-01-26 15:17:01,663 [0x1f0852c40] WARN  ui.MetricsTilePanel - MetricsTilePanel: Invalid sorting mode: invalid_mode
2026-04-19 19:07:54,969 [0x16d40b000] ERROR graph.threadpool - Task execution failed: Error
2026-04-19 19:41:43,458 [0x205807100] WARN  graph.threadpool - Attempt to queue null task
2026-04-19 19:41:54,481 [0x16f5e3000] ERROR graph.threadpool - Task execution failed: Test error
2026-04-19 19:41:54,481 [0x16f66f000] ERROR graph.threadpool - Task execution failed: Test error
2026-04-19 19:42:32,601 [0x205807100] WARN  graph.threadpool - Attempt to queue null task
2026-04-19 19:42:40,617 [0x16f4fb000] ERROR graph.threadpool - Task execution failed: Test exception
2026-04-19 19:42:43,621 [0x16f587000] ERROR graph.threadpool - Task execution failed: Test error
2026-04-19 19:42:43,621 [0x16f4fb000] ERROR graph.threadpool - Task execution failed: Test error
2026-04-19 19:47:15,808 [0x205807100] WARN  graph.threadpool - Attempt to queue null task
2026-04-19 19:47:19,821 [0x16fc97000] ERROR graph.threadpool - Task execution failed: Test exception
2026-04-19 19:47:58,286 [0x205807100] WARN  graph.threadpool - Attempt to queue null task
2026-04-19 19:48:08,306 [0x16fda3000] ERROR graph.threadpool - Task execution failed: Test error
2026-04-19 19:48:08,306 [0x16fd17000] ERROR graph.threadpool - Task execution failed: Test error
2026-04-19 19:48:08,308 [0x16fda3000] ERROR graph.threadpool - Task execution failed: Test error
2026-04-19 19:48:08,308 [0x16fda3000] ERROR graph.threadpool - Task execution failed: Test error
2026-04-19 19:48:08,308 [0x16fd17000] ERROR graph.threadpool - Task execution failed: Test error
2026-04-19 19:49:47,734 [0x205807100] WARN  graph.threadpool - Attempt to queue null task
2026-04-19 19:49:55,747 [0x16dd4f000] ERROR graph.threadpool - Task execution failed: Test exception
2026-04-19 19:51:01,552 [0x205807100] WARN  graph.threadpool - Attempt to queue null task
2026-04-19 19:51:06,571 [0x16d137000] ERROR graph.threadpool - Task execution failed: Test exception
2026-04-19 19:51:09,586 [0x16d137000] ERROR graph.threadpool - Task execution failed: Test error
2026-04-19 19:51:09,586 [0x16d1c3000] ERROR graph.threadpool - Task execution failed: Test error
2026-04-19 19:51:09,586 [0x16d137000] ERROR graph.threadpool - Task execution failed: Test error
2026-04-19 19:51:09,587 [0x16d1c3000] ERROR graph.threadpool - Task execution failed: Test error
2026-04-19 19:51:09,587 [0x16d137000] ERROR graph.threadpool - Task execution failed: Test error
2026-04-19 19:51:47,398 [0x205807100] WARN  graph.threadpool - Attempt to queue null task
2026-04-19 19:51:51,411 [0x16d49f000] ERROR graph.threadpool - Task execution failed: Test exception
2026-04-19 19:51:52,416 [0x16d49f000] ERROR graph.threadpool - Task execution failed: Test error
2026-04-19 19:52:16,758 [0x205807100] WARN  graph.threadpool - Attempt to queue null task
2026-04-19 19:52:20,771 [0x16f7af000] ERROR graph.threadpool - Task execution failed: Test exception
2026-04-19 19:52:23,783 [0x16f83b000] ERROR graph.threadpool - Task execution failed: Test error
2026-04-19 19:52:23,783 [0x16f7af000] ERROR graph.threadpool - Task execution failed: Test error
2026-04-19 19:52:23,783 [0x16f83b000] ERROR graph.threadpool - Task execution failed: Test error
2026-04-19 19:52:23,783 [0x16f7af000] ERROR graph.threadpool - Task execution failed: Test error
2026-04-19 19:52:23,783 [0x16f83b000] ERROR graph.threadpool - Task execution failed: Test error
2026-04-19 19:52:48,259 [0x205807100] WARN  graph.threadpool - Attempt to queue null task
2026-04-19 19:52:52,271 [0x16dc93000] ERROR graph.threadpool - Task execution failed: Test exception
2026-04-19 19:52:55,285 [0x16dd1f000] ERROR graph.threadpool - Task execution failed: Test error
2026-04-19 19:52:55,285 [0x16dc93000] ERROR graph.threadpool - Task execution failed: Test error
2026-04-19 19:52:55,286 [0x16dd1f000] ERROR graph.threadpool - Task execution failed: Test error
2026-04-19 19:52:55,286 [0x16dc93000] ERROR graph.threadpool - Task execution failed: Test error
2026-04-19 19:52:55,286 [0x16dd1f000] ERROR graph.threadpool - Task execution failed: Test error
2026-04-19 19:53:22,769 [0x205807100] WARN  graph.threadpool - Attempt to queue null task
2026-04-19 19:53:25,782 [0x16af67000] ERROR graph.threadpool - Task execution failed: Test exception
2026-04-19 19:53:28,784 [0x16af67000] ERROR graph.threadpool - Task execution failed: Test error
2026-04-19 19:53:28,784 [0x16aff3000] ERROR graph.threadpool - Task execution failed: Test error
2026-04-19 19:53:28,784 [0x16af67000] ERROR graph.threadpool - Task execution failed: Test error
2026-04-19 19:53:28,784 [0x16aff3000] ERROR graph.threadpool - Task execution failed: Test error
2026-04-19 19:53:28,784 [0x16af67000] ERROR graph.threadpool - Task execution failed: Test error
2026-04-19 19:54:48,680 [0x205807100] WARN  graph.threadpool - Attempt to queue null task
2026-04-19 19:54:52,692 [0x16cf23000] ERROR graph.threadpool - Task execution failed: Test exception
2026-04-19 19:54:55,702 [0x16cfaf000] ERROR graph.threadpool - Task execution failed: Test error
2026-04-19 19:54:55,702 [0x16cf23000] ERROR graph.threadpool - Task execution failed: Test error
2026-04-19 19:54:55,703 [0x16cfaf000] ERROR graph.threadpool - Task execution failed: Test error
2026-04-19 19:54:55,703 [0x16cf23000] ERROR graph.threadpool - Task execution failed: Test error
2026-04-19 19:54:55,703 [0x16cfaf000] ERROR graph.threadpool - Task execution failed: Test error
2026-04-19 19:55:54,775 [0x205807100] WARN  graph.threadpool - Attempt to queue null task
2026-04-19 19:55:59,788 [0x16af63000] ERROR graph.threadpool - Task execution failed: Test exception
2026-04-19 19:56:02,802 [0x16af63000] ERROR graph.threadpool - Task execution failed: Test error
2026-04-19 19:56:02,802 [0x16afef000] ERROR graph.threadpool - Task execution failed: Test error
2026-04-19 19:56:02,802 [0x16af63000] ERROR graph.threadpool - Task execution failed: Test error
2026-04-19 19:56:02,802 [0x16afef000] ERROR graph.threadpool - Task execution failed: Test error
2026-04-19 19:56:02,802 [0x16af63000] ERROR graph.threadpool - Task execution failed: Test error
2026-04-19 21:29:07,430 [0x205807100] WARN  graph.config.NodeFactoryRegistry - Replacing existing factory for type: Node
2026-04-19 21:29:07,430 [0x205807100] ERROR graph.config.NodeFactoryRegistry - Node type not registered: UnregisteredNode
2026-04-19 21:29:07,430 [0x205807100] ERROR graph.config.NodeFactoryRegistry - Failed to create node of type 'FailingNode': Factory not implemented for testing
2026-04-19 21:29:07,430 [0x205807100] ERROR graph.config.NodeFactoryRegistry - Cannot register factory with empty type name
2026-04-19 21:29:07,430 [0x205807100] ERROR graph.NodeFactory - Failed to create node: Construction failed
2026-04-19 21:29:09,083 [0x205807100] WARN  graph.threadpool - Attempt to queue null task
2026-04-19 21:29:14,102 [0x16b40b000] ERROR graph.threadpool - Task execution failed: Test exception
2026-04-19 21:29:16,110 [0x16b40b000] ERROR graph.threadpool - Task execution failed: Test error
2026-04-19 21:29:16,111 [0x16b40b000] ERROR graph.threadpool - Task execution failed: Test error
2026-04-19 21:29:16,111 [0x16b497000] ERROR graph.threadpool - Task execution failed: Test error
2026-04-19 21:29:16,111 [0x16b497000] ERROR graph.threadpool - Task execution failed: Test error
2026-04-19 21:29:16,111 [0x16b40b000] ERROR graph.threadpool - Task execution failed: Test error
